The system is: Windows - 6.1.7601 - AMD64
Compiling the C compiler identification source file "CMakeCCompilerId.c" succeeded.
Compiler: C:/Program Files (x86)/Microsoft Visual Studio/2019/Community/VC/Tools/MSVC/14.28.29333/bin/Hostx64/x64/cl.exe 
Build flags: 
Id flags: -c 

The output was:
0
用于 x64 的 Microsoft (R) C/C++ 优化编译器 19.28.29335 版
版权所有(C) Microsoft Corporation。保留所有权利。

CMakeCCompilerId.c


Compilation of the C compiler identification source "CMakeCCompilerId.c" produced "CMakeCCompilerId.obj"

The C compiler identification is MSVC, found in "F:/GISGraphicsAlgorithm/iCGIS-master/iCGIS-master/iCGIS/include/glm/out/build/x64-Debug (默认值)/CMakeFiles/3.18.20081302-MSVC_2/CompilerIdC/CMakeCCompilerId.obj"

Compiling the CXX compiler identification source file "CMakeCXXCompilerId.cpp" succeeded.
Compiler: C:/Program Files (x86)/Microsoft Visual Studio/2019/Community/VC/Tools/MSVC/14.28.29333/bin/Hostx64/x64/cl.exe 
Build flags: 
Id flags: -c 

The output was:
0
用于 x64 的 Microsoft (R) C/C++ 优化编译器 19.28.29335 版
版权所有(C) Microsoft Corporation。保留所有权利。

CMakeCXXCompilerId.cpp


Compilation of the CXX compiler identification source "CMakeCXXCompilerId.cpp" produced "CMakeCXXCompilerId.obj"

The CXX compiler identification is MSVC, found in "F:/GISGraphicsAlgorithm/iCGIS-master/iCGIS-master/iCGIS/include/glm/out/build/x64-Debug (默认值)/CMakeFiles/3.18.20081302-MSVC_2/CompilerIdCXX/CMakeCXXCompilerId.obj"

Compiling the C compiler identification source file "CMakeCCompilerId.c" succeeded.
Compiler: C:/Program Files (x86)/Microsoft Visual Studio/2019/Community/VC/Tools/MSVC/14.28.29333/bin/Hostx64/x64/cl.exe 
Build flags: /DWIN32;/D_WINDOWS;/W3
Id flags: -c 

The output was:
0
用于 x64 的 Microsoft (R) C/C++ 优化编译器 19.28.29335 版
版权所有(C) Microsoft Corporation。保留所有权利。

CMakeCCompilerId.c


Compilation of the C compiler identification source "CMakeCCompilerId.c" produced "CMakeCCompilerId.obj"

The C compiler identification is MSVC, found in "F:/GISGraphicsAlgorithm/iCGIS-master/iCGIS-master/iCGIS/include/glm/out/build/x64-Debug (默认值)/CMakeFiles/3.18.20081302-MSVC_2/CompilerIdC/CMakeCCompilerId.obj"

Compiling the CXX compiler identification source file "CMakeCXXCompilerId.cpp" succeeded.
Compiler: C:/Program Files (x86)/Microsoft Visual Studio/2019/Community/VC/Tools/MSVC/14.28.29333/bin/Hostx64/x64/cl.exe 
Build flags: 
Id flags: -c 

The output was:
0
用于 x64 的 Microsoft (R) C/C++ 优化编译器 19.28.29335 版
版权所有(C) Microsoft Corporation。保留所有权利。

CMakeCXXCompilerId.cpp


Compilation of the CXX compiler identification source "CMakeCXXCompilerId.cpp" produced "CMakeCXXCompilerId.obj"

The CXX compiler identification is MSVC, found in "F:/GISGraphicsAlgorithm/iCGIS-master/iCGIS-master/iCGIS/include/glm/out/build/x64-Debug (默认值)/CMakeFiles/3.18.20081302-MSVC_2/CompilerIdCXX/CMakeCXXCompilerId.obj"

